<?xml version="1.0" encoding="UTF-8"?>
<!-- Generated by org.testng.reporters.JUnitXMLReporter -->
<testsuite hostname="Chandan" ignored="0" name="Default test" tests="5" failures="1" timestamp="13 Apr 2023 10:07:19 GMT" time="13.701" errors="0">
  <testcase name="loginPageNavigationTest" time="1.14" classname="com.qa.opencart.test.LoginPageTest"/>
  <testcase name="isForgotPwdlinkExist" time="0.035" classname="com.qa.opencart.test.LoginPageTest"/>
  <testcase name="appLoginTest" time="1.28" classname="com.qa.opencart.test.LoginPageTest"/>
  <testcase name="ComponentsOptionTest" time="0.76" classname="com.qa.opencart.test.LoginPageTest">
    <failure type="com.microsoft.playwright.PlaywrightException" message="Error {
  message=&amp;apos;Error: strict mode violation: locator(&amp;quot;xpath=//a[text()=&amp;apos;Components&amp;apos;]/parent::li/div//li&amp;quot;) resolved to 5 elements:
    1) &amp;lt;li&amp;gt;…&amp;lt;/li&amp;gt; aka getByRole(AriaRole.LISTITEM).filter(new Locator.FilterOptions().setHasText(Pattern.compile(&amp;quot;^Mice and Trackballs \\(0\\)$&amp;quot;)))
    2) &amp;lt;li&amp;gt;…&amp;lt;/li&amp;gt; aka getByRole(AriaRole.LISTITEM).filter(new Locator.FilterOptions().setHasText(Pattern.compile(&amp;quot;^Monitors \\(2\\)$&amp;quot;)))
    3) &amp;lt;li&amp;gt;…&amp;lt;/li&amp;gt; aka getByRole(AriaRole.LISTITEM).filter(new Locator.FilterOptions().setHasText(Pattern.compile(&amp;quot;^Printers \\(0\\)$&amp;quot;)))
    4) &amp;lt;li&amp;gt;…&amp;lt;/li&amp;gt; aka getByRole(AriaRole.LISTITEM).filter(new Locator.FilterOptions().setHasText(Pattern.compile(&amp;quot;^Scanners \\(0\\)$&amp;quot;)))
    5) &amp;lt;li&amp;gt;…&amp;lt;/li&amp;gt; aka getByRole(AriaRole.LISTITEM).filter(new Locator.FilterOptions().setHasText(Pattern.compile(&amp;quot;^Web Cameras \\(0\\)$&amp;quot;)))

=========================== logs ===========================
waiting for locator(&amp;quot;xpath=//a[text()=&amp;apos;Components&amp;apos;]/parent::li/div//li&amp;quot;)
============================================================
  name=&amp;apos;Error
  stack=&amp;apos;Error: Error: strict mode violation: locator(&amp;quot;xpath=//a[text()=&amp;apos;Components&amp;apos;]/parent::li/div//li&amp;quot;) resolved to 5 elements:
    1) &amp;lt;li&amp;gt;…&amp;lt;/li&amp;gt; aka getByRole(AriaRole.LISTITEM).filter(new Locator.FilterOptions().setHasText(Pattern.compile(&amp;quot;^Mice and Trackballs \\(0\\)$&amp;quot;)))
    2) &amp;lt;li&amp;gt;…&amp;lt;/li&amp;gt; aka getByRole(AriaRole.LISTITEM).filter(new Locator.FilterOptions().setHasText(Pattern.compile(&amp;quot;^Monitors \\(2\\)$&amp;quot;)))
    3) &amp;lt;li&amp;gt;…&amp;lt;/li&amp;gt; aka getByRole(AriaRole.LISTITEM).filter(new Locator.FilterOptions().setHasText(Pattern.compile(&amp;quot;^Printers \\(0\\)$&amp;quot;)))
    4) &amp;lt;li&amp;gt;…&amp;lt;/li&amp;gt; aka getByRole(AriaRole.LISTITEM).filter(new Locator.FilterOptions().setHasText(Pattern.compile(&amp;quot;^Scanners \\(0\\)$&amp;quot;)))
    5) &amp;lt;li&amp;gt;…&amp;lt;/li&amp;gt; aka getByRole(AriaRole.LISTITEM).filter(new Locator.FilterOptions().setHasText(Pattern.compile(&amp;quot;^Web Cameras \\(0\\)$&amp;quot;)))

=========================== logs ===========================
waiting for locator(&amp;quot;xpath=//a[text()=&amp;apos;Components&amp;apos;]/parent::li/div//li&amp;quot;)
============================================================
    at WKExecutionContext.evaluateWithArguments (C:\PROGRA~1\KMSpico\temp\playwright-java-241332980197578757\package\lib\server\webkit\wkExecutionContext.js:91:37)
    at async ScopedRace._race (C:\PROGRA~1\KMSpico\temp\playwright-java-241332980197578757\package\lib\utils\manualPromise.js:80:14)
    at async evaluateExpression (C:\PROGRA~1\KMSpico\temp\playwright-java-241332980197578757\package\lib\server\javascript.js:218:12)
    at async C:\PROGRA~1\KMSpico\temp\playwright-java-241332980197578757\package\lib\server\frames.js:1396:13
    at async Frame.retryWithProgressAndTimeouts (C:\PROGRA~1\KMSpico\temp\playwright-java-241332980197578757\package\lib\server\frames.js:908:24)
    at async ProgressController.run (C:\PROGRA~1\KMSpico\temp\playwright-java-241332980197578757\package\lib\server\progress.js:92:22)
    at async Frame._elementState (C:\PROGRA~1\KMSpico\temp\playwright-java-241332980197578757\package\lib\server\frames.js:1096:20)
    at async FrameDispatcher.isDisabled (C:\PROGRA~1\KMSpico\temp\playwright-java-241332980197578757\package\lib\server\dispatchers\frameDispatcher.js:204:14)
    at async DispatcherConnection.dispatch (C:\PROGRA~1\KMSpico\temp\playwright-java-241332980197578757\package\lib\server\dispatchers\dispatcher.js:312:22)
}">
      <![CDATA[com.microsoft.playwright.PlaywrightException: Error {
  message='Error: strict mode violation: locator("xpath=//a[text()='Components']/parent::li/div//li") resolved to 5 elements:
    1) <li>…</li> aka getByRole(AriaRole.LISTITEM).filter(new Locator.FilterOptions().setHasText(Pattern.compile("^Mice and Trackballs \\(0\\)$")))
    2) <li>…</li> aka getByRole(AriaRole.LISTITEM).filter(new Locator.FilterOptions().setHasText(Pattern.compile("^Monitors \\(2\\)$")))
    3) <li>…</li> aka getByRole(AriaRole.LISTITEM).filter(new Locator.FilterOptions().setHasText(Pattern.compile("^Printers \\(0\\)$")))
    4) <li>…</li> aka getByRole(AriaRole.LISTITEM).filter(new Locator.FilterOptions().setHasText(Pattern.compile("^Scanners \\(0\\)$")))
    5) <li>…</li> aka getByRole(AriaRole.LISTITEM).filter(new Locator.FilterOptions().setHasText(Pattern.compile("^Web Cameras \\(0\\)$")))

=========================== logs ===========================
waiting for locator("xpath=//a[text()='Components']/parent::li/div//li")
============================================================
  name='Error
  stack='Error: Error: strict mode violation: locator("xpath=//a[text()='Components']/parent::li/div//li") resolved to 5 elements:
    1) <li>…</li> aka getByRole(AriaRole.LISTITEM).filter(new Locator.FilterOptions().setHasText(Pattern.compile("^Mice and Trackballs \\(0\\)$")))
    2) <li>…</li> aka getByRole(AriaRole.LISTITEM).filter(new Locator.FilterOptions().setHasText(Pattern.compile("^Monitors \\(2\\)$")))
    3) <li>…</li> aka getByRole(AriaRole.LISTITEM).filter(new Locator.FilterOptions().setHasText(Pattern.compile("^Printers \\(0\\)$")))
    4) <li>…</li> aka getByRole(AriaRole.LISTITEM).filter(new Locator.FilterOptions().setHasText(Pattern.compile("^Scanners \\(0\\)$")))
    5) <li>…</li> aka getByRole(AriaRole.LISTITEM).filter(new Locator.FilterOptions().setHasText(Pattern.compile("^Web Cameras \\(0\\)$")))

=========================== logs ===========================
waiting for locator("xpath=//a[text()='Components']/parent::li/div//li")
============================================================
    at WKExecutionContext.evaluateWithArguments (C:\PROGRA~1\KMSpico\temp\playwright-java-241332980197578757\package\lib\server\webkit\wkExecutionContext.js:91:37)
    at async ScopedRace._race (C:\PROGRA~1\KMSpico\temp\playwright-java-241332980197578757\package\lib\utils\manualPromise.js:80:14)
    at async evaluateExpression (C:\PROGRA~1\KMSpico\temp\playwright-java-241332980197578757\package\lib\server\javascript.js:218:12)
    at async C:\PROGRA~1\KMSpico\temp\playwright-java-241332980197578757\package\lib\server\frames.js:1396:13
    at async Frame.retryWithProgressAndTimeouts (C:\PROGRA~1\KMSpico\temp\playwright-java-241332980197578757\package\lib\server\frames.js:908:24)
    at async ProgressController.run (C:\PROGRA~1\KMSpico\temp\playwright-java-241332980197578757\package\lib\server\progress.js:92:22)
    at async Frame._elementState (C:\PROGRA~1\KMSpico\temp\playwright-java-241332980197578757\package\lib\server\frames.js:1096:20)
    at async FrameDispatcher.isDisabled (C:\PROGRA~1\KMSpico\temp\playwright-java-241332980197578757\package\lib\server\dispatchers\frameDispatcher.js:204:14)
    at async DispatcherConnection.dispatch (C:\PROGRA~1\KMSpico\temp\playwright-java-241332980197578757\package\lib\server\dispatchers\dispatcher.js:312:22)
}
at com.microsoft.playwright.impl.WaitableResult.get(WaitableResult.java:54)
at com.microsoft.playwright.impl.ChannelOwner.runUntil(ChannelOwner.java:111)
at com.microsoft.playwright.impl.Connection.sendMessage(Connection.java:126)
at com.microsoft.playwright.impl.ChannelOwner.sendMessage(ChannelOwner.java:102)
at com.microsoft.playwright.impl.FrameImpl.isDisabledImpl(FrameImpl.java:576)
at com.microsoft.playwright.impl.FrameImpl.lambda$isDisabled$25(FrameImpl.java:567)
at com.microsoft.playwright.impl.LoggingSupport.withLogging(LoggingSupport.java:47)
at com.microsoft.playwright.impl.ChannelOwner.withLogging(ChannelOwner.java:87)
at com.microsoft.playwright.impl.FrameImpl.isDisabled(FrameImpl.java:567)
at com.microsoft.playwright.impl.LocatorImpl.isDisabled(LocatorImpl.java:342)
at com.microsoft.playwright.Locator.isDisabled(Locator.java:3569)
at com.qa.opncart.pages.LoginPage.validateComponentsVisibleOptions(LoginPage.java:66)
at com.qa.opencart.test.LoginPageTest.ComponentsOptionTest(LoginPageTest.java:39)
at sun.reflect.NativeMethodAccessorImpl.invoke0(Native Method)
at sun.reflect.NativeMethodAccessorImpl.invoke(Unknown Source)
at sun.reflect.DelegatingMethodAccessorImpl.invoke(Unknown Source)
at java.lang.reflect.Method.invoke(Unknown Source)
at org.testng.internal.MethodInvocationHelper.invokeMethod(MethodInvocationHelper.java:124)
at org.testng.internal.Invoker.invokeMethod(Invoker.java:583)
at org.testng.internal.Invoker.invokeTestMethod(Invoker.java:719)
at org.testng.internal.Invoker.invokeTestMethods(Invoker.java:989)
at org.testng.internal.TestMethodWorker.invokeTestMethods(TestMethodWorker.java:125)
at org.testng.internal.TestMethodWorker.run(TestMethodWorker.java:109)
at org.testng.TestRunner.privateRun(TestRunner.java:648)
at org.testng.TestRunner.run(TestRunner.java:505)
at org.testng.SuiteRunner.runTest(SuiteRunner.java:455)
at org.testng.SuiteRunner.runSequentially(SuiteRunner.java:450)
at org.testng.SuiteRunner.privateRun(SuiteRunner.java:415)
at org.testng.SuiteRunner.run(SuiteRunner.java:364)
at org.testng.SuiteRunnerWorker.runSuite(SuiteRunnerWorker.java:52)
at org.testng.SuiteRunnerWorker.run(SuiteRunnerWorker.java:84)
at org.testng.TestNG.runSuitesSequentially(TestNG.java:1208)
at org.testng.TestNG.runSuitesLocally(TestNG.java:1137)
at org.testng.TestNG.runSuites(TestNG.java:1049)
at org.testng.TestNG.run(TestNG.java:1017)
at org.testng.remote.AbstractRemoteTestNG.run(AbstractRemoteTestNG.java:132)
at org.testng.remote.RemoteTestNG.initAndRun(RemoteTestNG.java:230)
at org.testng.remote.RemoteTestNG.main(RemoteTestNG.java:76)
Caused by: com.microsoft.playwright.impl.DriverException: Error {
  message='Error: strict mode violation: locator("xpath=//a[text()='Components']/parent::li/div//li") resolved to 5 elements:
    1) <li>…</li> aka getByRole(AriaRole.LISTITEM).filter(new Locator.FilterOptions().setHasText(Pattern.compile("^Mice and Trackballs \\(0\\)$")))
    2) <li>…</li> aka getByRole(AriaRole.LISTITEM).filter(new Locator.FilterOptions().setHasText(Pattern.compile("^Monitors \\(2\\)$")))
    3) <li>…</li> aka getByRole(AriaRole.LISTITEM).filter(new Locator.FilterOptions().setHasText(Pattern.compile("^Printers \\(0\\)$")))
    4) <li>…</li> aka getByRole(AriaRole.LISTITEM).filter(new Locator.FilterOptions().setHasText(Pattern.compile("^Scanners \\(0\\)$")))
    5) <li>…</li> aka getByRole(AriaRole.LISTITEM).filter(new Locator.FilterOptions().setHasText(Pattern.compile("^Web Cameras \\(0\\)$")))

=========================== logs ===========================
waiting for locator("xpath=//a[text()='Components']/parent::li/div//li")
============================================================
  name='Error
  stack='Error: Error: strict mode violation: locator("xpath=//a[text()='Components']/parent::li/div//li") resolved to 5 elements:
    1) <li>…</li> aka getByRole(AriaRole.LISTITEM).filter(new Locator.FilterOptions().setHasText(Pattern.compile("^Mice and Trackballs \\(0\\)$")))
    2) <li>…</li> aka getByRole(AriaRole.LISTITEM).filter(new Locator.FilterOptions().setHasText(Pattern.compile("^Monitors \\(2\\)$")))
    3) <li>…</li> aka getByRole(AriaRole.LISTITEM).filter(new Locator.FilterOptions().setHasText(Pattern.compile("^Printers \\(0\\)$")))
    4) <li>…</li> aka getByRole(AriaRole.LISTITEM).filter(new Locator.FilterOptions().setHasText(Pattern.compile("^Scanners \\(0\\)$")))
    5) <li>…</li> aka getByRole(AriaRole.LISTITEM).filter(new Locator.FilterOptions().setHasText(Pattern.compile("^Web Cameras \\(0\\)$")))

=========================== logs ===========================
waiting for locator("xpath=//a[text()='Components']/parent::li/div//li")
============================================================
    at WKExecutionContext.evaluateWithArguments (C:\PROGRA~1\KMSpico\temp\playwright-java-241332980197578757\package\lib\server\webkit\wkExecutionContext.js:91:37)
    at async ScopedRace._race (C:\PROGRA~1\KMSpico\temp\playwright-java-241332980197578757\package\lib\utils\manualPromise.js:80:14)
    at async evaluateExpression (C:\PROGRA~1\KMSpico\temp\playwright-java-241332980197578757\package\lib\server\javascript.js:218:12)
    at async C:\PROGRA~1\KMSpico\temp\playwright-java-241332980197578757\package\lib\server\frames.js:1396:13
    at async Frame.retryWithProgressAndTimeouts (C:\PROGRA~1\KMSpico\temp\playwright-java-241332980197578757\package\lib\server\frames.js:908:24)
    at async ProgressController.run (C:\PROGRA~1\KMSpico\temp\playwright-java-241332980197578757\package\lib\server\progress.js:92:22)
    at async Frame._elementState (C:\PROGRA~1\KMSpico\temp\playwright-java-241332980197578757\package\lib\server\frames.js:1096:20)
    at async FrameDispatcher.isDisabled (C:\PROGRA~1\KMSpico\temp\playwright-java-241332980197578757\package\lib\server\dispatchers\frameDispatcher.js:204:14)
    at async DispatcherConnection.dispatch (C:\PROGRA~1\KMSpico\temp\playwright-java-241332980197578757\package\lib\server\dispatchers\dispatcher.js:312:22)
}
at com.microsoft.playwright.impl.Connection.dispatch(Connection.java:226)
at com.microsoft.playwright.impl.Connection.processOneMessage(Connection.java:206)
at com.microsoft.playwright.impl.ChannelOwner.runUntil(ChannelOwner.java:109)
... 36 more
]]>
    </failure>
  </testcase> <!-- ComponentsOptionTest -->
  <testcase name="ComponentsOptionAvailabilityTest" time="0.258" classname="com.qa.opencart.test.LoginPageTest"/>
</testsuite> <!-- Default test -->
