<?xml version="1.0" encoding="UTF-8"?>
<!-- Generated by org.testng.reporters.JUnitXMLReporter -->
<testsuite hostname="Chandan" ignored="2" name="Test" tests="9" failures="6" timestamp="13 Apr 2023 10:11:13 GMT" time="13.788" errors="0">
  <testcase name="homepageTitleTest" time="0.01" classname="com.qa.opencart.test.HomePageTest">
    <failure type="java.lang.NullPointerException">
      <![CDATA[java.lang.NullPointerException
at com.qa.opencart.test.HomePageTest.homepageTitleTest(HomePageTest.java:14)
at java.util.concurrent.ThreadPoolExecutor.runWorker(Unknown Source)
at java.util.concurrent.ThreadPoolExecutor$Worker.run(Unknown Source)
at java.lang.Thread.run(Unknown Source)
... Removed 10 stack frames]]>
    </failure>
  </testcase> <!-- homepageTitleTest -->
  <testcase name="homepageUrlTest" time="0.007" classname="com.qa.opencart.test.HomePageTest">
    <failure type="java.lang.NullPointerException">
      <![CDATA[java.lang.NullPointerException
at com.qa.opencart.test.HomePageTest.homepageUrlTest(HomePageTest.java:20)
at java.util.concurrent.ThreadPoolExecutor.runWorker(Unknown Source)
at java.util.concurrent.ThreadPoolExecutor$Worker.run(Unknown Source)
at java.lang.Thread.run(Unknown Source)
... Removed 10 stack frames]]>
    </failure>
  </testcase> <!-- homepageUrlTest -->
  <testcase name="searchProduct" time="0.004" classname="com.qa.opencart.test.HomePageTest">
    <failure type="java.lang.NullPointerException">
      <![CDATA[java.lang.NullPointerException
at com.qa.opencart.test.HomePageTest.searchProduct(HomePageTest.java:25)
at java.util.concurrent.ThreadPoolExecutor.runWorker(Unknown Source)
at java.util.concurrent.ThreadPoolExecutor$Worker.run(Unknown Source)
at java.lang.Thread.run(Unknown Source)
... Removed 10 stack frames]]>
    </failure>
  </testcase> <!-- searchProduct -->
  <testcase name="searchProduct" time="0.004" classname="com.qa.opencart.test.HomePageTest">
    <failure type="java.lang.NullPointerException">
      <![CDATA[java.lang.NullPointerException
at com.qa.opencart.test.HomePageTest.searchProduct(HomePageTest.java:25)
at java.util.concurrent.ThreadPoolExecutor.runWorker(Unknown Source)
at java.util.concurrent.ThreadPoolExecutor$Worker.run(Unknown Source)
at java.lang.Thread.run(Unknown Source)
... Removed 10 stack frames]]>
    </failure>
  </testcase> <!-- searchProduct -->
  <testcase name="searchProduct" time="0.005" classname="com.qa.opencart.test.HomePageTest">
    <failure type="java.lang.NullPointerException">
      <![CDATA[java.lang.NullPointerException
at com.qa.opencart.test.HomePageTest.searchProduct(HomePageTest.java:25)
at java.util.concurrent.ThreadPoolExecutor.runWorker(Unknown Source)
at java.util.concurrent.ThreadPoolExecutor$Worker.run(Unknown Source)
at java.lang.Thread.run(Unknown Source)
... Removed 10 stack frames]]>
    </failure>
  </testcase> <!-- searchProduct -->
  <testcase name="loginPageNavigationTest" time="1.272" classname="com.qa.opencart.test.LoginPageTest"/>
  <testcase name="isForgotPwdlinkExist" time="0.031" classname="com.qa.opencart.test.LoginPageTest"/>
  <testcase name="appLoginTest" time="1.503" classname="com.qa.opencart.test.LoginPageTest"/>
  <testcase name="ComponentsOptionTest" time="0.732" classname="com.qa.opencart.test.LoginPageTest">
    <failure type="com.microsoft.playwright.PlaywrightException" message="Error {
  message=&amp;apos;Error: strict mode violation: locator(&amp;quot;xpath=//a[text()=&amp;apos;Components&amp;apos;]/parent::li/div//li&amp;quot;) resolved to 5 elements:
    1) &amp;lt;li&amp;gt;…&amp;lt;/li&amp;gt; aka getByRole(AriaRole.LISTITEM).filter(new Locator.FilterOptions().setHasText(Pattern.compile(&amp;quot;^Mice and Trackballs \\(0\\)$&amp;quot;)))
    2) &amp;lt;li&amp;gt;…&amp;lt;/li&amp;gt; aka getByRole(AriaRole.LISTITEM).filter(new Locator.FilterOptions().setHasText(Pattern.compile(&amp;quot;^Monitors \\(2\\)$&amp;quot;)))
    3) &amp;lt;li&amp;gt;…&amp;lt;/li&amp;gt; aka getByRole(AriaRole.LISTITEM).filter(new Locator.FilterOptions().setHasText(Pattern.compile(&amp;quot;^Printers \\(0\\)$&amp;quot;)))
    4) &amp;lt;li&amp;gt;…&amp;lt;/li&amp;gt; aka getByRole(AriaRole.LISTITEM).filter(new Locator.FilterOptions().setHasText(Pattern.compile(&amp;quot;^Scanners \\(0\\)$&amp;quot;)))
    5) &amp;lt;li&amp;gt;…&amp;lt;/li&amp;gt; aka getByRole(AriaRole.LISTITEM).filter(new Locator.FilterOptions().setHasText(Pattern.compile(&amp;quot;^Web Cameras \\(0\\)$&amp;quot;)))

=========================== logs ===========================
waiting for locator(&amp;quot;xpath=//a[text()=&amp;apos;Components&amp;apos;]/parent::li/div//li&amp;quot;)
============================================================
  name=&amp;apos;Error
  stack=&amp;apos;Error: Error: strict mode violation: locator(&amp;quot;xpath=//a[text()=&amp;apos;Components&amp;apos;]/parent::li/div//li&amp;quot;) resolved to 5 elements:
    1) &amp;lt;li&amp;gt;…&amp;lt;/li&amp;gt; aka getByRole(AriaRole.LISTITEM).filter(new Locator.FilterOptions().setHasText(Pattern.compile(&amp;quot;^Mice and Trackballs \\(0\\)$&amp;quot;)))
    2) &amp;lt;li&amp;gt;…&amp;lt;/li&amp;gt; aka getByRole(AriaRole.LISTITEM).filter(new Locator.FilterOptions().setHasText(Pattern.compile(&amp;quot;^Monitors \\(2\\)$&amp;quot;)))
    3) &amp;lt;li&amp;gt;…&amp;lt;/li&amp;gt; aka getByRole(AriaRole.LISTITEM).filter(new Locator.FilterOptions().setHasText(Pattern.compile(&amp;quot;^Printers \\(0\\)$&amp;quot;)))
    4) &amp;lt;li&amp;gt;…&amp;lt;/li&amp;gt; aka getByRole(AriaRole.LISTITEM).filter(new Locator.FilterOptions().setHasText(Pattern.compile(&amp;quot;^Scanners \\(0\\)$&amp;quot;)))
    5) &amp;lt;li&amp;gt;…&amp;lt;/li&amp;gt; aka getByRole(AriaRole.LISTITEM).filter(new Locator.FilterOptions().setHasText(Pattern.compile(&amp;quot;^Web Cameras \\(0\\)$&amp;quot;)))

=========================== logs ===========================
waiting for locator(&amp;quot;xpath=//a[text()=&amp;apos;Components&amp;apos;]/parent::li/div//li&amp;quot;)
============================================================
    at WKExecutionContext.evaluateWithArguments (C:\PROGRA~1\KMSpico\temp\playwright-java-6251320391932570996\package\lib\server\webkit\wkExecutionContext.js:91:37)
    at async ScopedRace._race (C:\PROGRA~1\KMSpico\temp\playwright-java-6251320391932570996\package\lib\utils\manualPromise.js:80:14)
    at async evaluateExpression (C:\PROGRA~1\KMSpico\temp\playwright-java-6251320391932570996\package\lib\server\javascript.js:218:12)
    at async C:\PROGRA~1\KMSpico\temp\playwright-java-6251320391932570996\package\lib\server\frames.js:1396:13
    at async Frame.retryWithProgressAndTimeouts (C:\PROGRA~1\KMSpico\temp\playwright-java-6251320391932570996\package\lib\server\frames.js:908:24)
    at async ProgressController.run (C:\PROGRA~1\KMSpico\temp\playwright-java-6251320391932570996\package\lib\server\progress.js:92:22)
    at async Frame._elementState (C:\PROGRA~1\KMSpico\temp\playwright-java-6251320391932570996\package\lib\server\frames.js:1096:20)
    at async FrameDispatcher.isDisabled (C:\PROGRA~1\KMSpico\temp\playwright-java-6251320391932570996\package\lib\server\dispatchers\frameDispatcher.js:204:14)
    at async DispatcherConnection.dispatch (C:\PROGRA~1\KMSpico\temp\playwright-java-6251320391932570996\package\lib\server\dispatchers\dispatcher.js:312:22)
}">
      <![CDATA[com.microsoft.playwright.PlaywrightException: Error {
  message='Error: strict mode violation: locator("xpath=//a[text()='Components']/parent::li/div//li") resolved to 5 elements:
    1) <li>…</li> aka getByRole(AriaRole.LISTITEM).filter(new Locator.FilterOptions().setHasText(Pattern.compile("^Mice and Trackballs \\(0\\)$")))
    2) <li>…</li> aka getByRole(AriaRole.LISTITEM).filter(new Locator.FilterOptions().setHasText(Pattern.compile("^Monitors \\(2\\)$")))
    3) <li>…</li> aka getByRole(AriaRole.LISTITEM).filter(new Locator.FilterOptions().setHasText(Pattern.compile("^Printers \\(0\\)$")))
    4) <li>…</li> aka getByRole(AriaRole.LISTITEM).filter(new Locator.FilterOptions().setHasText(Pattern.compile("^Scanners \\(0\\)$")))
    5) <li>…</li> aka getByRole(AriaRole.LISTITEM).filter(new Locator.FilterOptions().setHasText(Pattern.compile("^Web Cameras \\(0\\)$")))

=========================== logs ===========================
waiting for locator("xpath=//a[text()='Components']/parent::li/div//li")
============================================================
  name='Error
  stack='Error: Error: strict mode violation: locator("xpath=//a[text()='Components']/parent::li/div//li") resolved to 5 elements:
    1) <li>…</li> aka getByRole(AriaRole.LISTITEM).filter(new Locator.FilterOptions().setHasText(Pattern.compile("^Mice and Trackballs \\(0\\)$")))
    2) <li>…</li> aka getByRole(AriaRole.LISTITEM).filter(new Locator.FilterOptions().setHasText(Pattern.compile("^Monitors \\(2\\)$")))
    3) <li>…</li> aka getByRole(AriaRole.LISTITEM).filter(new Locator.FilterOptions().setHasText(Pattern.compile("^Printers \\(0\\)$")))
    4) <li>…</li> aka getByRole(AriaRole.LISTITEM).filter(new Locator.FilterOptions().setHasText(Pattern.compile("^Scanners \\(0\\)$")))
    5) <li>…</li> aka getByRole(AriaRole.LISTITEM).filter(new Locator.FilterOptions().setHasText(Pattern.compile("^Web Cameras \\(0\\)$")))

=========================== logs ===========================
waiting for locator("xpath=//a[text()='Components']/parent::li/div//li")
============================================================
    at WKExecutionContext.evaluateWithArguments (C:\PROGRA~1\KMSpico\temp\playwright-java-6251320391932570996\package\lib\server\webkit\wkExecutionContext.js:91:37)
    at async ScopedRace._race (C:\PROGRA~1\KMSpico\temp\playwright-java-6251320391932570996\package\lib\utils\manualPromise.js:80:14)
    at async evaluateExpression (C:\PROGRA~1\KMSpico\temp\playwright-java-6251320391932570996\package\lib\server\javascript.js:218:12)
    at async C:\PROGRA~1\KMSpico\temp\playwright-java-6251320391932570996\package\lib\server\frames.js:1396:13
    at async Frame.retryWithProgressAndTimeouts (C:\PROGRA~1\KMSpico\temp\playwright-java-6251320391932570996\package\lib\server\frames.js:908:24)
    at async ProgressController.run (C:\PROGRA~1\KMSpico\temp\playwright-java-6251320391932570996\package\lib\server\progress.js:92:22)
    at async Frame._elementState (C:\PROGRA~1\KMSpico\temp\playwright-java-6251320391932570996\package\lib\server\frames.js:1096:20)
    at async FrameDispatcher.isDisabled (C:\PROGRA~1\KMSpico\temp\playwright-java-6251320391932570996\package\lib\server\dispatchers\frameDispatcher.js:204:14)
    at async DispatcherConnection.dispatch (C:\PROGRA~1\KMSpico\temp\playwright-java-6251320391932570996\package\lib\server\dispatchers\dispatcher.js:312:22)
}
at com.microsoft.playwright.impl.WaitableResult.get(WaitableResult.java:54)
at com.microsoft.playwright.impl.ChannelOwner.runUntil(ChannelOwner.java:111)
at com.microsoft.playwright.impl.Connection.sendMessage(Connection.java:126)
at com.microsoft.playwright.impl.ChannelOwner.sendMessage(ChannelOwner.java:102)
at com.microsoft.playwright.impl.FrameImpl.isDisabledImpl(FrameImpl.java:576)
at com.microsoft.playwright.impl.FrameImpl.lambda$isDisabled$25(FrameImpl.java:567)
at com.microsoft.playwright.impl.LoggingSupport.withLogging(LoggingSupport.java:47)
at com.microsoft.playwright.impl.ChannelOwner.withLogging(ChannelOwner.java:87)
at com.microsoft.playwright.impl.FrameImpl.isDisabled(FrameImpl.java:567)
at com.microsoft.playwright.impl.LocatorImpl.isDisabled(LocatorImpl.java:342)
at com.microsoft.playwright.Locator.isDisabled(Locator.java:3569)
at com.qa.opncart.pages.LoginPage.validateComponentsVisibleOptions(LoginPage.java:66)
at com.qa.opencart.test.LoginPageTest.ComponentsOptionTest(LoginPageTest.java:37)
at java.util.concurrent.ThreadPoolExecutor.runWorker(Unknown Source)
at java.util.concurrent.ThreadPoolExecutor$Worker.run(Unknown Source)
at java.lang.Thread.run(Unknown Source)
Caused by: com.microsoft.playwright.impl.DriverException: Error {
  message='Error: strict mode violation: locator("xpath=//a[text()='Components']/parent::li/div//li") resolved to 5 elements:
    1) <li>…</li> aka getByRole(AriaRole.LISTITEM).filter(new Locator.FilterOptions().setHasText(Pattern.compile("^Mice and Trackballs \\(0\\)$")))
    2) <li>…</li> aka getByRole(AriaRole.LISTITEM).filter(new Locator.FilterOptions().setHasText(Pattern.compile("^Monitors \\(2\\)$")))
    3) <li>…</li> aka getByRole(AriaRole.LISTITEM).filter(new Locator.FilterOptions().setHasText(Pattern.compile("^Printers \\(0\\)$")))
    4) <li>…</li> aka getByRole(AriaRole.LISTITEM).filter(new Locator.FilterOptions().setHasText(Pattern.compile("^Scanners \\(0\\)$")))
    5) <li>…</li> aka getByRole(AriaRole.LISTITEM).filter(new Locator.FilterOptions().setHasText(Pattern.compile("^Web Cameras \\(0\\)$")))

=========================== logs ===========================
waiting for locator("xpath=//a[text()='Components']/parent::li/div//li")
============================================================
  name='Error
  stack='Error: Error: strict mode violation: locator("xpath=//a[text()='Components']/parent::li/div//li") resolved to 5 elements:
    1) <li>…</li> aka getByRole(AriaRole.LISTITEM).filter(new Locator.FilterOptions().setHasText(Pattern.compile("^Mice and Trackballs \\(0\\)$")))
    2) <li>…</li> aka getByRole(AriaRole.LISTITEM).filter(new Locator.FilterOptions().setHasText(Pattern.compile("^Monitors \\(2\\)$")))
    3) <li>…</li> aka getByRole(AriaRole.LISTITEM).filter(new Locator.FilterOptions().setHasText(Pattern.compile("^Printers \\(0\\)$")))
    4) <li>…</li> aka getByRole(AriaRole.LISTITEM).filter(new Locator.FilterOptions().setHasText(Pattern.compile("^Scanners \\(0\\)$")))
    5) <li>…</li> aka getByRole(AriaRole.LISTITEM).filter(new Locator.FilterOptions().setHasText(Pattern.compile("^Web Cameras \\(0\\)$")))

=========================== logs ===========================
waiting for locator("xpath=//a[text()='Components']/parent::li/div//li")
============================================================
    at WKExecutionContext.evaluateWithArguments (C:\PROGRA~1\KMSpico\temp\playwright-java-6251320391932570996\package\lib\server\webkit\wkExecutionContext.js:91:37)
    at async ScopedRace._race (C:\PROGRA~1\KMSpico\temp\playwright-java-6251320391932570996\package\lib\utils\manualPromise.js:80:14)
    at async evaluateExpression (C:\PROGRA~1\KMSpico\temp\playwright-java-6251320391932570996\package\lib\server\javascript.js:218:12)
    at async C:\PROGRA~1\KMSpico\temp\playwright-java-6251320391932570996\package\lib\server\frames.js:1396:13
    at async Frame.retryWithProgressAndTimeouts (C:\PROGRA~1\KMSpico\temp\playwright-java-6251320391932570996\package\lib\server\frames.js:908:24)
    at async ProgressController.run (C:\PROGRA~1\KMSpico\temp\playwright-java-6251320391932570996\package\lib\server\progress.js:92:22)
    at async Frame._elementState (C:\PROGRA~1\KMSpico\temp\playwright-java-6251320391932570996\package\lib\server\frames.js:1096:20)
    at async FrameDispatcher.isDisabled (C:\PROGRA~1\KMSpico\temp\playwright-java-6251320391932570996\package\lib\server\dispatchers\frameDispatcher.js:204:14)
    at async DispatcherConnection.dispatch (C:\PROGRA~1\KMSpico\temp\playwright-java-6251320391932570996\package\lib\server\dispatchers\dispatcher.js:312:22)
}
at com.microsoft.playwright.impl.Connection.dispatch(Connection.java:226)
at com.microsoft.playwright.impl.Connection.processOneMessage(Connection.java:206)
at com.microsoft.playwright.impl.ChannelOwner.runUntil(ChannelOwner.java:109)
... 24 more
... Removed 10 stack frames]]>
    </failure>
  </testcase> <!-- ComponentsOptionTest -->
  <testcase name="@BeforeTest setup" time="0.0" classname="com.qa.opencart.base.BaseTest">
    <ignored/>
  </testcase> <!-- @BeforeTest setup -->
  <testcase name="@AfterTest teardown" time="0.0" classname="com.qa.opencart.base.BaseTest">
    <ignored/>
  </testcase> <!-- @AfterTest teardown -->
</testsuite> <!-- Test -->
