<!DOCTYPE html>

<html>
  <head>
  <meta charset='utf-8'>
  <title>TestNG reports</title>

    <link type="text/css" href="testng-reports.css" rel="stylesheet" />
    <script type="text/javascript" src="jquery-1.7.1.min.js"></script>
    <script type="text/javascript" src="testng-reports.js"></script>
    <script type="text/javascript" src="https://www.google.com/jsapi"></script>
    <script type='text/javascript'>
      google.load('visualization', '1', {packages:['table']});
      google.setOnLoadCallback(drawTable);
      var suiteTableInitFunctions = new Array();
      var suiteTableData = new Array();
    </script>
    <!--
      <script type="text/javascript" src="jquery-ui/js/jquery-ui-1.8.16.custom.min.js"></script>
     -->
  </head>

  <body>
    <div class="top-banner-root">
      <span class="top-banner-title-font">Test results</span>
      <br/>
      <span class="top-banner-font-1">1 suite, 6 failed tests</span>
    </div> <!-- top-banner-root -->
    <div class="navigator-root">
      <div class="navigator-suite-header">
        <span>All suites</span>
        <a href="#" class="collapse-all-link" title="Collapse/expand all the suites">
          <img class="collapse-all-icon" src="collapseall.gif">
          </img> <!-- collapse-all-icon -->
        </a> <!-- collapse-all-link -->
      </div> <!-- navigator-suite-header -->
      <div class="suite">
        <div class="rounded-window">
          <div class="suite-header light-rounded-window-top">
            <a href="#" class="navigator-link" panel-name="suite-Suite">
              <span class="suite-name border-failed">Suite</span>
            </a> <!-- navigator-link -->
          </div> <!-- suite-header light-rounded-window-top -->
          <div class="navigator-suite-content">
            <div class="suite-section-title">
              <span>Info</span>
            </div> <!-- suite-section-title -->
            <div class="suite-section-content">
              <ul>
                <li>
                  <a href="#" class="navigator-link " panel-name="test-xml-Suite">
                    <span>E:\interview\PlaywrightPOMDesign\testng.xml</span>
                  </a> <!-- navigator-link  -->
                </li>
                <li>
                  <a href="#" class="navigator-link " panel-name="testlist-Suite">
                    <span class="test-stats">1 test</span>
                  </a> <!-- navigator-link  -->
                </li>
                <li>
                  <a href="#" class="navigator-link " panel-name="group-Suite">
                    <span>0 groups</span>
                  </a> <!-- navigator-link  -->
                </li>
                <li>
                  <a href="#" class="navigator-link " panel-name="times-Suite">
                    <span>Times</span>
                  </a> <!-- navigator-link  -->
                </li>
                <li>
                  <a href="#" class="navigator-link " panel-name="reporter-Suite">
                    <span>Reporter output</span>
                  </a> <!-- navigator-link  -->
                </li>
                <li>
                  <a href="#" class="navigator-link " panel-name="ignored-methods-Suite">
                    <span>Ignored methods</span>
                  </a> <!-- navigator-link  -->
                </li>
                <li>
                  <a href="#" class="navigator-link " panel-name="chronological-Suite">
                    <span>Chronological view</span>
                  </a> <!-- navigator-link  -->
                </li>
              </ul>
            </div> <!-- suite-section-content -->
            <div class="result-section">
              <div class="suite-section-title">
                <span>Results</span>
              </div> <!-- suite-section-title -->
              <div class="suite-section-content">
                <ul>
                  <li>
                    <span class="method-stats">9 methods, 6 failed,   3 passed</span>
                  </li>
                  <li>
                    <span class="method-list-title failed">Failed methods</span>
                    <span class="show-or-hide-methods failed">
                      <a href="#" panel-name="suite-Suite" class="hide-methods failed suite-Suite"> (hide)</a> <!-- hide-methods failed suite-Suite -->
                      <a href="#" panel-name="suite-Suite" class="show-methods failed suite-Suite"> (show)</a> <!-- show-methods failed suite-Suite -->
                    </span>
                    <div class="method-list-content failed suite-Suite">
                      <span>
                        <img width="3%" src="failed.png"/>
                        <a href="#" class="method navigator-link" panel-name="suite-Suite" title="com.qa.opencart.test.LoginPageTest" hash-for-method="ComponentsOptionTest">ComponentsOptionTest</a> <!-- method navigator-link -->
                      </span>
                      <br/>
                      <span>
                        <img width="3%" src="failed.png"/>
                        <a href="#" class="method navigator-link" panel-name="suite-Suite" title="com.qa.opencart.test.HomePageTest" hash-for-method="homepageTitleTest">homepageTitleTest</a> <!-- method navigator-link -->
                      </span>
                      <br/>
                      <span>
                        <img width="3%" src="failed.png"/>
                        <a href="#" class="method navigator-link" panel-name="suite-Suite" title="com.qa.opencart.test.HomePageTest" hash-for-method="homepageUrlTest">homepageUrlTest</a> <!-- method navigator-link -->
                      </span>
                      <br/>
                      <span>
                        <img width="3%" src="failed.png"/>
                        <a href="#" class="method navigator-link" panel-name="suite-Suite" title="com.qa.opencart.test.HomePageTest" hash-for-method="searchProduct(Micromax)">searchProduct(Micromax)</a> <!-- method navigator-link -->
                      </span>
                      <br/>
                      <span>
                        <img width="3%" src="failed.png"/>
                        <a href="#" class="method navigator-link" panel-name="suite-Suite" title="com.qa.opencart.test.HomePageTest" hash-for-method="searchProduct(Samsung)">searchProduct(Samsung)</a> <!-- method navigator-link -->
                      </span>
                      <br/>
                      <span>
                        <img width="3%" src="failed.png"/>
                        <a href="#" class="method navigator-link" panel-name="suite-Suite" title="com.qa.opencart.test.HomePageTest" hash-for-method="searchProduct(Redmi)">searchProduct(Redmi)</a> <!-- method navigator-link -->
                      </span>
                      <br/>
                    </div> <!-- method-list-content failed suite-Suite -->
                  </li>
                  <li>
                    <span class="method-list-title passed">Passed methods</span>
                    <span class="show-or-hide-methods passed">
                      <a href="#" panel-name="suite-Suite" class="hide-methods passed suite-Suite"> (hide)</a> <!-- hide-methods passed suite-Suite -->
                      <a href="#" panel-name="suite-Suite" class="show-methods passed suite-Suite"> (show)</a> <!-- show-methods passed suite-Suite -->
                    </span>
                    <div class="method-list-content passed suite-Suite">
                      <span>
                        <img width="3%" src="passed.png"/>
                        <a href="#" class="method navigator-link" panel-name="suite-Suite" title="com.qa.opencart.test.LoginPageTest" hash-for-method="appLoginTest">appLoginTest</a> <!-- method navigator-link -->
                      </span>
                      <br/>
                      <span>
                        <img width="3%" src="passed.png"/>
                        <a href="#" class="method navigator-link" panel-name="suite-Suite" title="com.qa.opencart.test.LoginPageTest" hash-for-method="isForgotPwdlinkExist">isForgotPwdlinkExist</a> <!-- method navigator-link -->
                      </span>
                      <br/>
                      <span>
                        <img width="3%" src="passed.png"/>
                        <a href="#" class="method navigator-link" panel-name="suite-Suite" title="com.qa.opencart.test.LoginPageTest" hash-for-method="loginPageNavigationTest">loginPageNavigationTest</a> <!-- method navigator-link -->
                      </span>
                      <br/>
                    </div> <!-- method-list-content passed suite-Suite -->
                  </li>
                </ul>
              </div> <!-- suite-section-content -->
            </div> <!-- result-section -->
          </div> <!-- navigator-suite-content -->
        </div> <!-- rounded-window -->
      </div> <!-- suite -->
    </div> <!-- navigator-root -->
    <div class="wrapper">
      <div class="main-panel-root">
        <div panel-name="suite-Suite" class="panel Suite">
          <div class="suite-Suite-class-failed">
            <div class="main-panel-header rounded-window-top">
              <img src="failed.png"/>
              <span class="class-name">com.qa.opencart.test.LoginPageTest</span>
            </div> <!-- main-panel-header rounded-window-top -->
            <div class="main-panel-content rounded-window-bottom">
              <div class="method">
                <div class="method-content">
                  <a name="ComponentsOptionTest">
                  </a> <!-- ComponentsOptionTest -->
                  <span class="method-name">ComponentsOptionTest</span>
                  <div class="stack-trace">com.microsoft.playwright.PlaywrightException: Error {
  message=&apos;Error: strict mode violation: locator(&quot;xpath=//a[text()=&apos;Components&apos;]/parent::li/div//li&quot;) resolved to 5 elements:
    1) &lt;li&gt;…&lt;/li&gt; aka getByRole(AriaRole.LISTITEM).filter(new Locator.FilterOptions().setHasText(Pattern.compile(&quot;^Mice and Trackballs \\(0\\)$&quot;)))
    2) &lt;li&gt;…&lt;/li&gt; aka getByRole(AriaRole.LISTITEM).filter(new Locator.FilterOptions().setHasText(Pattern.compile(&quot;^Monitors \\(2\\)$&quot;)))
    3) &lt;li&gt;…&lt;/li&gt; aka getByRole(AriaRole.LISTITEM).filter(new Locator.FilterOptions().setHasText(Pattern.compile(&quot;^Printers \\(0\\)$&quot;)))
    4) &lt;li&gt;…&lt;/li&gt; aka getByRole(AriaRole.LISTITEM).filter(new Locator.FilterOptions().setHasText(Pattern.compile(&quot;^Scanners \\(0\\)$&quot;)))
    5) &lt;li&gt;…&lt;/li&gt; aka getByRole(AriaRole.LISTITEM).filter(new Locator.FilterOptions().setHasText(Pattern.compile(&quot;^Web Cameras \\(0\\)$&quot;)))

=========================== logs ===========================
waiting for locator(&quot;xpath=//a[text()=&apos;Components&apos;]/parent::li/div//li&quot;)
============================================================
  name=&apos;Error
  stack=&apos;Error: Error: strict mode violation: locator(&quot;xpath=//a[text()=&apos;Components&apos;]/parent::li/div//li&quot;) resolved to 5 elements:
    1) &lt;li&gt;…&lt;/li&gt; aka getByRole(AriaRole.LISTITEM).filter(new Locator.FilterOptions().setHasText(Pattern.compile(&quot;^Mice and Trackballs \\(0\\)$&quot;)))
    2) &lt;li&gt;…&lt;/li&gt; aka getByRole(AriaRole.LISTITEM).filter(new Locator.FilterOptions().setHasText(Pattern.compile(&quot;^Monitors \\(2\\)$&quot;)))
    3) &lt;li&gt;…&lt;/li&gt; aka getByRole(AriaRole.LISTITEM).filter(new Locator.FilterOptions().setHasText(Pattern.compile(&quot;^Printers \\(0\\)$&quot;)))
    4) &lt;li&gt;…&lt;/li&gt; aka getByRole(AriaRole.LISTITEM).filter(new Locator.FilterOptions().setHasText(Pattern.compile(&quot;^Scanners \\(0\\)$&quot;)))
    5) &lt;li&gt;…&lt;/li&gt; aka getByRole(AriaRole.LISTITEM).filter(new Locator.FilterOptions().setHasText(Pattern.compile(&quot;^Web Cameras \\(0\\)$&quot;)))

=========================== logs ===========================
waiting for locator(&quot;xpath=//a[text()=&apos;Components&apos;]/parent::li/div//li&quot;)
============================================================
    at WKExecutionContext.evaluateWithArguments (C:\PROGRA~1\KMSpico\temp\playwright-java-6251320391932570996\package\lib\server\webkit\wkExecutionContext.js:91:37)
    at async ScopedRace._race (C:\PROGRA~1\KMSpico\temp\playwright-java-6251320391932570996\package\lib\utils\manualPromise.js:80:14)
    at async evaluateExpression (C:\PROGRA~1\KMSpico\temp\playwright-java-6251320391932570996\package\lib\server\javascript.js:218:12)
    at async C:\PROGRA~1\KMSpico\temp\playwright-java-6251320391932570996\package\lib\server\frames.js:1396:13
    at async Frame.retryWithProgressAndTimeouts (C:\PROGRA~1\KMSpico\temp\playwright-java-6251320391932570996\package\lib\server\frames.js:908:24)
    at async ProgressController.run (C:\PROGRA~1\KMSpico\temp\playwright-java-6251320391932570996\package\lib\server\progress.js:92:22)
    at async Frame._elementState (C:\PROGRA~1\KMSpico\temp\playwright-java-6251320391932570996\package\lib\server\frames.js:1096:20)
    at async FrameDispatcher.isDisabled (C:\PROGRA~1\KMSpico\temp\playwright-java-6251320391932570996\package\lib\server\dispatchers\frameDispatcher.js:204:14)
    at async DispatcherConnection.dispatch (C:\PROGRA~1\KMSpico\temp\playwright-java-6251320391932570996\package\lib\server\dispatchers\dispatcher.js:312:22)
}
	at com.microsoft.playwright.impl.WaitableResult.get(WaitableResult.java:54)
	at com.microsoft.playwright.impl.ChannelOwner.runUntil(ChannelOwner.java:111)
	at com.microsoft.playwright.impl.Connection.sendMessage(Connection.java:126)
	at com.microsoft.playwright.impl.ChannelOwner.sendMessage(ChannelOwner.java:102)
	at com.microsoft.playwright.impl.FrameImpl.isDisabledImpl(FrameImpl.java:576)
	at com.microsoft.playwright.impl.FrameImpl.lambda$isDisabled$25(FrameImpl.java:567)
	at com.microsoft.playwright.impl.LoggingSupport.withLogging(LoggingSupport.java:47)
	at com.microsoft.playwright.impl.ChannelOwner.withLogging(ChannelOwner.java:87)
	at com.microsoft.playwright.impl.FrameImpl.isDisabled(FrameImpl.java:567)
	at com.microsoft.playwright.impl.LocatorImpl.isDisabled(LocatorImpl.java:342)
	at com.microsoft.playwright.Locator.isDisabled(Locator.java:3569)
	at com.qa.opncart.pages.LoginPage.validateComponentsVisibleOptions(LoginPage.java:66)
	at com.qa.opencart.test.LoginPageTest.ComponentsOptionTest(LoginPageTest.java:37)
	at java.util.concurrent.ThreadPoolExecutor.runWorker(Unknown Source)
	at java.util.concurrent.ThreadPoolExecutor$Worker.run(Unknown Source)
	at java.lang.Thread.run(Unknown Source)
Caused by: com.microsoft.playwright.impl.DriverException: Error {
  message=&apos;Error: strict mode violation: locator(&quot;xpath=//a[text()=&apos;Components&apos;]/parent::li/div//li&quot;) resolved to 5 elements:
    1) &lt;li&gt;…&lt;/li&gt; aka getByRole(AriaRole.LISTITEM).filter(new Locator.FilterOptions().setHasText(Pattern.compile(&quot;^Mice and Trackballs \\(0\\)$&quot;)))
    2) &lt;li&gt;…&lt;/li&gt; aka getByRole(AriaRole.LISTITEM).filter(new Locator.FilterOptions().setHasText(Pattern.compile(&quot;^Monitors \\(2\\)$&quot;)))
    3) &lt;li&gt;…&lt;/li&gt; aka getByRole(AriaRole.LISTITEM).filter(new Locator.FilterOptions().setHasText(Pattern.compile(&quot;^Printers \\(0\\)$&quot;)))
    4) &lt;li&gt;…&lt;/li&gt; aka getByRole(AriaRole.LISTITEM).filter(new Locator.FilterOptions().setHasText(Pattern.compile(&quot;^Scanners \\(0\\)$&quot;)))
    5) &lt;li&gt;…&lt;/li&gt; aka getByRole(AriaRole.LISTITEM).filter(new Locator.FilterOptions().setHasText(Pattern.compile(&quot;^Web Cameras \\(0\\)$&quot;)))

=========================== logs ===========================
waiting for locator(&quot;xpath=//a[text()=&apos;Components&apos;]/parent::li/div//li&quot;)
============================================================
  name=&apos;Error
  stack=&apos;Error: Error: strict mode violation: locator(&quot;xpath=//a[text()=&apos;Components&apos;]/parent::li/div//li&quot;) resolved to 5 elements:
    1) &lt;li&gt;…&lt;/li&gt; aka getByRole(AriaRole.LISTITEM).filter(new Locator.FilterOptions().setHasText(Pattern.compile(&quot;^Mice and Trackballs \\(0\\)$&quot;)))
    2) &lt;li&gt;…&lt;/li&gt; aka getByRole(AriaRole.LISTITEM).filter(new Locator.FilterOptions().setHasText(Pattern.compile(&quot;^Monitors \\(2\\)$&quot;)))
    3) &lt;li&gt;…&lt;/li&gt; aka getByRole(AriaRole.LISTITEM).filter(new Locator.FilterOptions().setHasText(Pattern.compile(&quot;^Printers \\(0\\)$&quot;)))
    4) &lt;li&gt;…&lt;/li&gt; aka getByRole(AriaRole.LISTITEM).filter(new Locator.FilterOptions().setHasText(Pattern.compile(&quot;^Scanners \\(0\\)$&quot;)))
    5) &lt;li&gt;…&lt;/li&gt; aka getByRole(AriaRole.LISTITEM).filter(new Locator.FilterOptions().setHasText(Pattern.compile(&quot;^Web Cameras \\(0\\)$&quot;)))

=========================== logs ===========================
waiting for locator(&quot;xpath=//a[text()=&apos;Components&apos;]/parent::li/div//li&quot;)
============================================================
    at WKExecutionContext.evaluateWithArguments (C:\PROGRA~1\KMSpico\temp\playwright-java-6251320391932570996\package\lib\server\webkit\wkExecutionContext.js:91:37)
    at async ScopedRace._race (C:\PROGRA~1\KMSpico\temp\playwright-java-6251320391932570996\package\lib\utils\manualPromise.js:80:14)
    at async evaluateExpression (C:\PROGRA~1\KMSpico\temp\playwright-java-6251320391932570996\package\lib\server\javascript.js:218:12)
    at async C:\PROGRA~1\KMSpico\temp\playwright-java-6251320391932570996\package\lib\server\frames.js:1396:13
    at async Frame.retryWithProgressAndTimeouts (C:\PROGRA~1\KMSpico\temp\playwright-java-6251320391932570996\package\lib\server\frames.js:908:24)
    at async ProgressController.run (C:\PROGRA~1\KMSpico\temp\playwright-java-6251320391932570996\package\lib\server\progress.js:92:22)
    at async Frame._elementState (C:\PROGRA~1\KMSpico\temp\playwright-java-6251320391932570996\package\lib\server\frames.js:1096:20)
    at async FrameDispatcher.isDisabled (C:\PROGRA~1\KMSpico\temp\playwright-java-6251320391932570996\package\lib\server\dispatchers\frameDispatcher.js:204:14)
    at async DispatcherConnection.dispatch (C:\PROGRA~1\KMSpico\temp\playwright-java-6251320391932570996\package\lib\server\dispatchers\dispatcher.js:312:22)
}
	at com.microsoft.playwright.impl.Connection.dispatch(Connection.java:226)
	at com.microsoft.playwright.impl.Connection.processOneMessage(Connection.java:206)
	at com.microsoft.playwright.impl.ChannelOwner.runUntil(ChannelOwner.java:109)
	... 24 more
... Removed 10 stack frames
</div> <!-- stack-trace -->
                </div> <!-- method-content -->
              </div> <!-- method -->
            </div> <!-- main-panel-content rounded-window-bottom -->
          </div> <!-- suite-Suite-class-failed -->
          <div class="suite-Suite-class-failed">
            <div class="main-panel-header rounded-window-top">
              <img src="failed.png"/>
              <span class="class-name">com.qa.opencart.test.HomePageTest</span>
            </div> <!-- main-panel-header rounded-window-top -->
            <div class="main-panel-content rounded-window-bottom">
              <div class="method">
                <div class="method-content">
                  <a name="homepageTitleTest">
                  </a> <!-- homepageTitleTest -->
                  <span class="method-name">homepageTitleTest</span>
                  <div class="stack-trace">java.lang.NullPointerException
	at com.qa.opencart.test.HomePageTest.homepageTitleTest(HomePageTest.java:14)
	at java.util.concurrent.ThreadPoolExecutor.runWorker(Unknown Source)
	at java.util.concurrent.ThreadPoolExecutor$Worker.run(Unknown Source)
	at java.lang.Thread.run(Unknown Source)
... Removed 10 stack frames
</div> <!-- stack-trace -->
                </div> <!-- method-content -->
              </div> <!-- method -->
              <div class="method">
                <div class="method-content">
                  <a name="homepageUrlTest">
                  </a> <!-- homepageUrlTest -->
                  <span class="method-name">homepageUrlTest</span>
                  <div class="stack-trace">java.lang.NullPointerException
	at com.qa.opencart.test.HomePageTest.homepageUrlTest(HomePageTest.java:20)
	at java.util.concurrent.ThreadPoolExecutor.runWorker(Unknown Source)
	at java.util.concurrent.ThreadPoolExecutor$Worker.run(Unknown Source)
	at java.lang.Thread.run(Unknown Source)
... Removed 10 stack frames
</div> <!-- stack-trace -->
                </div> <!-- method-content -->
              </div> <!-- method -->
              <div class="method">
                <div class="method-content">
                  <a name="searchProduct(Micromax)">
                  </a> <!-- searchProduct(Micromax) -->
                  <span class="method-name">searchProduct</span>
                  <span class="parameters">(Micromax)</span>
                  <div class="stack-trace">java.lang.NullPointerException
	at com.qa.opencart.test.HomePageTest.searchProduct(HomePageTest.java:25)
	at java.util.concurrent.ThreadPoolExecutor.runWorker(Unknown Source)
	at java.util.concurrent.ThreadPoolExecutor$Worker.run(Unknown Source)
	at java.lang.Thread.run(Unknown Source)
... Removed 10 stack frames
</div> <!-- stack-trace -->
                </div> <!-- method-content -->
              </div> <!-- method -->
              <div class="method">
                <div class="method-content">
                  <a name="searchProduct(Samsung)">
                  </a> <!-- searchProduct(Samsung) -->
                  <span class="method-name">searchProduct</span>
                  <span class="parameters">(Samsung)</span>
                  <div class="stack-trace">java.lang.NullPointerException
	at com.qa.opencart.test.HomePageTest.searchProduct(HomePageTest.java:25)
	at java.util.concurrent.ThreadPoolExecutor.runWorker(Unknown Source)
	at java.util.concurrent.ThreadPoolExecutor$Worker.run(Unknown Source)
	at java.lang.Thread.run(Unknown Source)
... Removed 10 stack frames
</div> <!-- stack-trace -->
                </div> <!-- method-content -->
              </div> <!-- method -->
              <div class="method">
                <div class="method-content">
                  <a name="searchProduct(Redmi)">
                  </a> <!-- searchProduct(Redmi) -->
                  <span class="method-name">searchProduct</span>
                  <span class="parameters">(Redmi)</span>
                  <div class="stack-trace">java.lang.NullPointerException
	at com.qa.opencart.test.HomePageTest.searchProduct(HomePageTest.java:25)
	at java.util.concurrent.ThreadPoolExecutor.runWorker(Unknown Source)
	at java.util.concurrent.ThreadPoolExecutor$Worker.run(Unknown Source)
	at java.lang.Thread.run(Unknown Source)
... Removed 10 stack frames
</div> <!-- stack-trace -->
                </div> <!-- method-content -->
              </div> <!-- method -->
            </div> <!-- main-panel-content rounded-window-bottom -->
          </div> <!-- suite-Suite-class-failed -->
          <div class="suite-Suite-class-passed">
            <div class="main-panel-header rounded-window-top">
              <img src="passed.png"/>
              <span class="class-name">com.qa.opencart.test.LoginPageTest</span>
            </div> <!-- main-panel-header rounded-window-top -->
            <div class="main-panel-content rounded-window-bottom">
              <div class="method">
                <div class="method-content">
                  <a name="appLoginTest">
                  </a> <!-- appLoginTest -->
                  <span class="method-name">appLoginTest</span>
                </div> <!-- method-content -->
              </div> <!-- method -->
              <div class="method">
                <div class="method-content">
                  <a name="isForgotPwdlinkExist">
                  </a> <!-- isForgotPwdlinkExist -->
                  <span class="method-name">isForgotPwdlinkExist</span>
                </div> <!-- method-content -->
              </div> <!-- method -->
              <div class="method">
                <div class="method-content">
                  <a name="loginPageNavigationTest">
                  </a> <!-- loginPageNavigationTest -->
                  <span class="method-name">loginPageNavigationTest</span>
                </div> <!-- method-content -->
              </div> <!-- method -->
            </div> <!-- main-panel-content rounded-window-bottom -->
          </div> <!-- suite-Suite-class-passed -->
        </div> <!-- panel Suite -->
        <div panel-name="test-xml-Suite" class="panel">
          <div class="main-panel-header rounded-window-top">
            <span class="header-content">E:\interview\PlaywrightPOMDesign\testng.xml</span>
          </div> <!-- main-panel-header rounded-window-top -->
          <div class="main-panel-content rounded-window-bottom">
            <pre>
&lt;?xml version=&quot;1.0&quot; encoding=&quot;UTF-8&quot;?&gt;
&lt;!DOCTYPE suite SYSTEM &quot;http://testng.org/testng-1.0.dtd&quot;&gt;
&lt;suite thread-count=&quot;2&quot; guice-stage=&quot;DEVELOPMENT&quot; name=&quot;Suite&quot; parallel=&quot;classes&quot;&gt;
  &lt;test thread-count=&quot;2&quot; name=&quot;Test&quot; parallel=&quot;classes&quot;&gt;
    &lt;classes&gt;
      &lt;class name=&quot;com.qa.opencart.test.LoginPageTest&quot;/&gt;
      &lt;class name=&quot;com.qa.opencart.test.HomePageTest&quot;/&gt;
    &lt;/classes&gt;
  &lt;/test&gt; &lt;!-- Test --&gt;
&lt;/suite&gt; &lt;!-- Suite --&gt;
            </pre>
          </div> <!-- main-panel-content rounded-window-bottom -->
        </div> <!-- panel -->
        <div panel-name="testlist-Suite" class="panel">
          <div class="main-panel-header rounded-window-top">
            <span class="header-content">Tests for Suite</span>
          </div> <!-- main-panel-header rounded-window-top -->
          <div class="main-panel-content rounded-window-bottom">
            <ul>
              <li>
                <span class="test-name">Test (2 classes)</span>
              </li>
            </ul>
          </div> <!-- main-panel-content rounded-window-bottom -->
        </div> <!-- panel -->
        <div panel-name="group-Suite" class="panel">
          <div class="main-panel-header rounded-window-top">
            <span class="header-content">Groups for Suite</span>
          </div> <!-- main-panel-header rounded-window-top -->
          <div class="main-panel-content rounded-window-bottom">
          </div> <!-- main-panel-content rounded-window-bottom -->
        </div> <!-- panel -->
        <div panel-name="times-Suite" class="panel">
          <div class="main-panel-header rounded-window-top">
            <span class="header-content">Times for Suite</span>
          </div> <!-- main-panel-header rounded-window-top -->
          <div class="main-panel-content rounded-window-bottom">
            <div class="times-div">
              <script type="text/javascript">
suiteTableInitFunctions.push('tableData_Suite');
function tableData_Suite() {
var data = new google.visualization.DataTable();
data.addColumn('number', 'Number');
data.addColumn('string', 'Method');
data.addColumn('string', 'Class');
data.addColumn('number', 'Time (ms)');
data.addRows(9);
data.setCell(0, 0, 0)
data.setCell(0, 1, 'appLoginTest')
data.setCell(0, 2, 'com.qa.opencart.test.LoginPageTest')
data.setCell(0, 3, 1503);
data.setCell(1, 0, 1)
data.setCell(1, 1, 'loginPageNavigationTest')
data.setCell(1, 2, 'com.qa.opencart.test.LoginPageTest')
data.setCell(1, 3, 1272);
data.setCell(2, 0, 2)
data.setCell(2, 1, 'ComponentsOptionTest')
data.setCell(2, 2, 'com.qa.opencart.test.LoginPageTest')
data.setCell(2, 3, 732);
data.setCell(3, 0, 3)
data.setCell(3, 1, 'isForgotPwdlinkExist')
data.setCell(3, 2, 'com.qa.opencart.test.LoginPageTest')
data.setCell(3, 3, 31);
data.setCell(4, 0, 4)
data.setCell(4, 1, 'homepageTitleTest')
data.setCell(4, 2, 'com.qa.opencart.test.HomePageTest')
data.setCell(4, 3, 10);
data.setCell(5, 0, 5)
data.setCell(5, 1, 'homepageUrlTest')
data.setCell(5, 2, 'com.qa.opencart.test.HomePageTest')
data.setCell(5, 3, 7);
data.setCell(6, 0, 6)
data.setCell(6, 1, 'searchProduct')
data.setCell(6, 2, 'com.qa.opencart.test.HomePageTest')
data.setCell(6, 3, 5);
data.setCell(7, 0, 7)
data.setCell(7, 1, 'searchProduct')
data.setCell(7, 2, 'com.qa.opencart.test.HomePageTest')
data.setCell(7, 3, 4);
data.setCell(8, 0, 8)
data.setCell(8, 1, 'searchProduct')
data.setCell(8, 2, 'com.qa.opencart.test.HomePageTest')
data.setCell(8, 3, 4);
window.suiteTableData['Suite']= { tableData: data, tableDiv: 'times-div-Suite'}
return data;
}
              </script>
              <span class="suite-total-time">Total running time: 3 seconds</span>
              <div id="times-div-Suite">
              </div> <!-- times-div-Suite -->
            </div> <!-- times-div -->
          </div> <!-- main-panel-content rounded-window-bottom -->
        </div> <!-- panel -->
        <div panel-name="reporter-Suite" class="panel">
          <div class="main-panel-header rounded-window-top">
            <span class="header-content">Reporter output for Suite</span>
          </div> <!-- main-panel-header rounded-window-top -->
          <div class="main-panel-content rounded-window-bottom">
          </div> <!-- main-panel-content rounded-window-bottom -->
        </div> <!-- panel -->
        <div panel-name="ignored-methods-Suite" class="panel">
          <div class="main-panel-header rounded-window-top">
            <span class="header-content">2 ignored methods</span>
          </div> <!-- main-panel-header rounded-window-top -->
          <div class="main-panel-content rounded-window-bottom">
            <div class="ignored-class-div">
              <span class="ignored-class-name">com.qa.opencart.test.HomePageTest</span>
              <div class="ignored-methods-div">
                <span class="ignored-method-name">setup</span>
                <br/>
                <span class="ignored-method-name">teardown</span>
                <br/>
              </div> <!-- ignored-methods-div -->
            </div> <!-- ignored-class-div -->
          </div> <!-- main-panel-content rounded-window-bottom -->
        </div> <!-- panel -->
        <div panel-name="chronological-Suite" class="panel">
          <div class="main-panel-header rounded-window-top">
            <span class="header-content">Methods in chronological order</span>
          </div> <!-- main-panel-header rounded-window-top -->
          <div class="main-panel-content rounded-window-bottom">
            <div class="chronological-class">
              <div class="chronological-class-name">com.qa.opencart.test.LoginPageTest</div> <!-- chronological-class-name -->
              <div class="configuration-test before">
                <span class="method-name">setup</span>
                <span class="method-start">0 ms</span>
              </div> <!-- configuration-test before -->
            </div> <!-- chronological-class -->
            <div class="chronological-class">
              <div class="chronological-class-name">com.qa.opencart.test.HomePageTest</div> <!-- chronological-class-name -->
              <div class="test-method">
                <img src="failed.png">
                </img>
                <span class="method-name">homepageTitleTest</span>
                <span class="method-start">9913 ms</span>
              </div> <!-- test-method -->
              <div class="test-method">
                <img src="failed.png">
                </img>
                <span class="method-name">homepageUrlTest</span>
                <span class="method-start">9929 ms</span>
              </div> <!-- test-method -->
              <div class="test-method">
                <img src="failed.png">
                </img>
                <span class="method-name">searchProduct(Redmi)</span>
                <span class="method-start">9961 ms</span>
              </div> <!-- test-method -->
              <div class="test-method">
                <img src="failed.png">
                </img>
                <span class="method-name">searchProduct(Samsung)</span>
                <span class="method-start">9969 ms</span>
              </div> <!-- test-method -->
              <div class="test-method">
                <img src="failed.png">
                </img>
                <span class="method-name">searchProduct(Micromax)</span>
                <span class="method-start">9985 ms</span>
              </div> <!-- test-method -->
            </div> <!-- chronological-class -->
            <div class="chronological-class">
              <div class="chronological-class-name">com.qa.opencart.test.LoginPageTest</div> <!-- chronological-class-name -->
              <div class="test-method">
                <span class="method-name">loginPageNavigationTest</span>
                <span class="method-start">10015 ms</span>
              </div> <!-- test-method -->
              <div class="test-method">
                <span class="method-name">isForgotPwdlinkExist</span>
                <span class="method-start">11295 ms</span>
              </div> <!-- test-method -->
              <div class="test-method">
                <span class="method-name">appLoginTest</span>
                <span class="method-start">11338 ms</span>
              </div> <!-- test-method -->
              <div class="test-method">
                <img src="failed.png">
                </img>
                <span class="method-name">ComponentsOptionTest</span>
                <span class="method-start">12848 ms</span>
              </div> <!-- test-method -->
              <div class="configuration-test after">
                <span class="method-name">teardown</span>
                <span class="method-start">13607 ms</span>
              </div> <!-- configuration-test after -->
          </div> <!-- main-panel-content rounded-window-bottom -->
        </div> <!-- panel -->
      </div> <!-- main-panel-root -->
    </div> <!-- wrapper -->
  </body>
</html>
